13:41:37.495 INFO  o.a.m.p.c.s.c.ConfigurationServiceImpl - SETUP: Setting up initial Apache Marmotta database configuration ...
13:41:37.510 INFO  o.a.m.p.c.s.c.ConfigurationServiceImpl - configuration successfully saved to /app/home/system-config.properties
13:41:37.523 INFO  o.a.m.p.c.s.c.ConfigurationServiceImpl - configuration successfully saved to /app/home/system-meta.properties
13:41:37.523 INFO  o.a.m.p.c.s.c.ConfigurationServiceImpl - Apache Marmotta Configuration Service: initialisation completed
13:41:37.536 INFO  o.a.m.p.c.s.c.ConfigurationServiceImpl - configuration successfully saved to /app/home/system-config.properties
13:41:37.546 INFO  o.a.m.p.c.s.c.ConfigurationServiceImpl - configuration successfully saved to /app/home/system-meta.properties
13:41:37.556 INFO  o.a.m.p.c.s.c.ConfigurationServiceImpl - configuration successfully saved to /app/home/system-config.properties
13:41:37.568 INFO  o.a.m.p.c.s.c.ConfigurationServiceImpl - configuration successfully saved to /app/home/system-meta.properties
13:41:37.698 WARN  o.a.m.p.c.s.MarmottaPostStartupFilter - Apache Marmotta Core Version 3.4.0-SNAPSHOT has started up successfully!
13:41:37.699 INFO  o.a.m.p.c.s.c.ConfigurationServiceImpl - Tomcat 7.x detected, server port: 8080
13:41:37.700 WARN  o.a.m.p.c.s.MarmottaPostStartupFilter - You can access the system now at the URL http://ec83eb197a61:8080/marmotta/
13:41:37.705 INFO  o.a.m.p.c.s.MarmottaResourceFilter - Apache Marmotta Resource Filter 3.4.0-SNAPSHOT starting up ... 
13:41:37.731 INFO  o.a.m.p.v.filter.MementoFilter - init memento filter
13:41:37.772 INFO  o.a.m.p.c.s.c.ConfigurationServiceImpl - configuration successfully saved to /app/home/system-config.properties
13:41:37.785 INFO  o.a.m.p.c.s.c.ConfigurationServiceImpl - configuration successfully saved to /app/home/system-meta.properties
13:41:37.797 INFO  o.a.m.p.c.s.c.ConfigurationServiceImpl - configuration successfully saved to /app/home/system-config.properties
13:41:37.809 INFO  o.a.m.p.c.s.c.ConfigurationServiceImpl - configuration successfully saved to /app/home/system-meta.properties
13:41:37.820 INFO  o.a.m.p.c.s.c.ConfigurationServiceImpl - configuration successfully saved to /app/home/system-config.properties
13:41:37.833 INFO  o.a.m.p.c.s.c.ConfigurationServiceImpl - configuration successfully saved to /app/home/system-meta.properties
13:41:37.846 INFO  o.a.m.p.c.s.c.ConfigurationServiceImpl - configuration successfully saved to /app/home/system-config.properties
13:41:37.856 INFO  o.a.m.p.c.s.c.ConfigurationServiceImpl - configuration successfully saved to /app/home/system-meta.properties
13:41:37.870 INFO  o.a.m.p.c.s.c.ConfigurationServiceImpl - configuration successfully saved to /app/home/system-config.properties
13:41:37.882 INFO  o.a.m.p.c.s.c.ConfigurationServiceImpl - configuration successfully saved to /app/home/system-meta.properties
13:41:37.895 INFO  o.a.m.p.c.s.c.ConfigurationServiceImpl - configuration successfully saved to /app/home/system-config.properties
13:41:37.906 INFO  o.a.m.p.c.s.c.ConfigurationServiceImpl - configuration successfully saved to /app/home/system-meta.properties
13:41:37.921 INFO  o.a.m.p.c.s.c.ConfigurationServiceImpl - configuration successfully saved to /app/home/system-config.properties
13:41:37.932 INFO  o.a.m.p.c.s.c.ConfigurationServiceImpl - configuration successfully saved to /app/home/system-meta.properties
13:41:37.945 INFO  o.a.m.p.c.s.c.ConfigurationServiceImpl - configuration successfully saved to /app/home/system-config.properties
13:41:37.957 INFO  o.a.m.p.c.s.c.ConfigurationServiceImpl - configuration successfully saved to /app/home/system-meta.properties
13:41:37.970 INFO  o.a.m.p.c.s.c.ConfigurationServiceImpl - configuration successfully saved to /app/home/system-config.properties
13:41:37.983 INFO  o.a.m.p.c.s.c.ConfigurationServiceImpl - configuration successfully saved to /app/home/system-meta.properties
13:41:37.999 INFO  o.a.m.p.c.s.c.ConfigurationServiceImpl - configuration successfully saved to /app/home/system-config.properties
13:41:38.012 INFO  o.a.m.p.c.s.c.ConfigurationServiceImpl - configuration successfully saved to /app/home/system-meta.properties
13:41:38.026 INFO  o.a.m.p.c.s.c.ConfigurationServiceImpl - configuration successfully saved to /app/home/system-config.properties
13:41:38.039 INFO  o.a.m.p.c.s.c.ConfigurationServiceImpl - configuration successfully saved to /app/home/system-meta.properties
13:41:38.053 INFO  o.a.m.p.c.s.c.ConfigurationServiceImpl - configuration successfully saved to /app/home/system-config.properties
13:41:38.066 INFO  o.a.m.p.c.s.c.ConfigurationServiceImpl - configuration successfully saved to /app/home/system-meta.properties
13:41:38.082 INFO  o.a.m.p.c.s.c.ConfigurationServiceImpl - configuration successfully saved to /app/home/system-config.properties
13:41:38.098 INFO  o.a.m.p.c.s.c.ConfigurationServiceImpl - configuration successfully saved to /app/home/system-meta.properties
13:41:38.113 INFO  o.a.m.p.c.s.c.ConfigurationServiceImpl - configuration successfully saved to /app/home/system-config.properties
13:41:38.127 INFO  o.a.m.p.c.s.c.ConfigurationServiceImpl - configuration successfully saved to /app/home/system-meta.properties
13:41:38.142 INFO  o.a.m.p.c.s.c.ConfigurationServiceImpl - configuration successfully saved to /app/home/system-config.properties
13:41:38.154 INFO  o.a.m.p.c.s.c.ConfigurationServiceImpl - configuration successfully saved to /app/home/system-meta.properties
13:41:38.170 INFO  o.a.m.p.c.s.c.ConfigurationServiceImpl - configuration successfully saved to /app/home/system-config.properties
13:41:38.182 INFO  o.a.m.p.c.s.c.ConfigurationServiceImpl - configuration successfully saved to /app/home/system-meta.properties
13:41:38.201 INFO  o.a.m.p.c.s.c.ConfigurationServiceImpl - configuration successfully saved to /app/home/system-config.properties
13:41:38.214 INFO  o.a.m.p.c.s.c.ConfigurationServiceImpl - configuration successfully saved to /app/home/system-meta.properties
13:41:38.227 INFO  o.a.m.p.c.s.c.ConfigurationServiceImpl - configuration successfully saved to /app/home/system-config.properties
13:41:38.238 INFO  o.a.m.p.c.s.c.ConfigurationServiceImpl - configuration successfully saved to /app/home/system-meta.properties
13:41:38.251 INFO  o.a.m.p.c.s.c.ConfigurationServiceImpl - configuration successfully saved to /app/home/system-config.properties
13:41:38.261 INFO  o.a.m.p.c.s.c.ConfigurationServiceImpl - configuration successfully saved to /app/home/system-meta.properties
13:41:38.280 INFO  o.a.m.p.c.s.c.ConfigurationServiceImpl - configuration successfully saved to /app/home/system-config.properties
13:41:38.295 INFO  o.a.m.p.c.s.c.ConfigurationServiceImpl - configuration successfully saved to /app/home/system-meta.properties
13:41:38.311 INFO  o.a.m.p.c.s.c.ConfigurationServiceImpl - configuration successfully saved to /app/home/system-config.properties
13:41:38.325 INFO  o.a.m.p.c.s.c.ConfigurationServiceImpl - configuration successfully saved to /app/home/system-meta.properties
13:41:38.340 INFO  o.a.m.p.c.s.c.ConfigurationServiceImpl - configuration successfully saved to /app/home/system-config.properties
13:41:38.355 INFO  o.a.m.p.c.s.c.ConfigurationServiceImpl - configuration successfully saved to /app/home/system-meta.properties
13:41:38.370 INFO  o.a.m.p.c.s.c.ConfigurationServiceImpl - configuration successfully saved to /app/home/system-config.properties
13:41:38.385 INFO  o.a.m.p.c.s.c.ConfigurationServiceImpl - configuration successfully saved to /app/home/system-meta.properties
13:41:38.409 INFO  o.a.m.p.c.s.c.ConfigurationServiceImpl - configuration successfully saved to /app/home/system-config.properties
13:41:38.428 INFO  o.a.m.p.c.s.c.ConfigurationServiceImpl - configuration successfully saved to /app/home/system-meta.properties
13:41:38.449 INFO  o.a.m.p.c.s.c.ConfigurationServiceImpl - configuration successfully saved to /app/home/system-config.properties
13:41:38.465 INFO  o.a.m.p.c.s.c.ConfigurationServiceImpl - configuration successfully saved to /app/home/system-meta.properties
13:41:38.487 INFO  o.a.m.p.c.s.c.ConfigurationServiceImpl - configuration successfully saved to /app/home/system-config.properties
13:41:38.506 INFO  o.a.m.p.c.s.c.ConfigurationServiceImpl - configuration successfully saved to /app/home/system-meta.properties
13:41:38.530 INFO  o.a.m.p.c.s.c.ConfigurationServiceImpl - configuration successfully saved to /app/home/system-config.properties
13:41:38.551 INFO  o.a.m.p.c.s.c.ConfigurationServiceImpl - configuration successfully saved to /app/home/system-meta.properties
13:41:38.571 INFO  o.a.m.p.c.s.c.ConfigurationServiceImpl - configuration successfully saved to /app/home/system-config.properties
13:41:38.599 INFO  o.a.m.p.c.s.c.ConfigurationServiceImpl - configuration successfully saved to /app/home/system-meta.properties
13:41:38.619 INFO  o.a.m.p.c.s.c.ConfigurationServiceImpl - configuration successfully saved to /app/home/system-config.properties
13:41:38.636 INFO  o.a.m.p.c.s.c.ConfigurationServiceImpl - configuration successfully saved to /app/home/system-meta.properties
13:41:38.658 INFO  o.a.m.p.c.s.c.ConfigurationServiceImpl - configuration successfully saved to /app/home/system-config.properties
13:41:38.672 INFO  o.a.m.p.c.s.c.ConfigurationServiceImpl - configuration successfully saved to /app/home/system-meta.properties
13:41:38.690 INFO  o.a.m.p.c.s.c.ConfigurationServiceImpl - configuration successfully saved to /app/home/system-config.properties
13:41:38.706 INFO  o.a.m.p.c.s.c.ConfigurationServiceImpl - configuration successfully saved to /app/home/system-meta.properties
13:41:38.728 INFO  o.a.m.p.c.s.c.ConfigurationServiceImpl - configuration successfully saved to /app/home/system-config.properties
13:41:38.741 INFO  o.a.m.p.c.s.c.ConfigurationServiceImpl - configuration successfully saved to /app/home/system-meta.properties
13:41:38.759 INFO  o.a.m.p.c.s.c.ConfigurationServiceImpl - configuration successfully saved to /app/home/system-config.properties
13:41:38.773 INFO  o.a.m.p.c.s.c.ConfigurationServiceImpl - configuration successfully saved to /app/home/system-meta.properties
13:41:38.790 INFO  o.a.m.p.c.s.c.ConfigurationServiceImpl - configuration successfully saved to /app/home/system-config.properties
13:41:38.803 INFO  o.a.m.p.c.s.c.ConfigurationServiceImpl - configuration successfully saved to /app/home/system-meta.properties
13:41:38.820 INFO  o.a.m.p.c.s.c.ConfigurationServiceImpl - configuration successfully saved to /app/home/system-config.properties
13:41:38.835 INFO  o.a.m.p.c.s.c.ConfigurationServiceImpl - configuration successfully saved to /app/home/system-meta.properties
13:41:38.852 INFO  o.a.m.p.c.s.c.ConfigurationServiceImpl - configuration successfully saved to /app/home/system-config.properties
13:41:38.866 INFO  o.a.m.p.c.s.c.ConfigurationServiceImpl - configuration successfully saved to /app/home/system-meta.properties
13:41:38.882 INFO  o.a.m.p.c.s.c.ConfigurationServiceImpl - configuration successfully saved to /app/home/system-config.properties
13:41:38.894 INFO  o.a.m.p.c.s.c.ConfigurationServiceImpl - configuration successfully saved to /app/home/system-meta.properties
13:41:38.912 INFO  o.a.m.p.c.s.c.ConfigurationServiceImpl - configuration successfully saved to /app/home/system-config.properties
13:41:38.928 INFO  o.a.m.p.c.s.c.ConfigurationServiceImpl - configuration successfully saved to /app/home/system-meta.properties
13:41:38.949 INFO  o.a.m.p.c.s.c.ConfigurationServiceImpl - configuration successfully saved to /app/home/system-config.properties
13:41:38.963 INFO  o.a.m.p.c.s.c.ConfigurationServiceImpl - configuration successfully saved to /app/home/system-meta.properties
13:41:38.978 INFO  o.a.m.p.c.s.c.ConfigurationServiceImpl - configuration successfully saved to /app/home/system-config.properties
13:41:38.990 INFO  o.a.m.p.c.s.c.ConfigurationServiceImpl - configuration successfully saved to /app/home/system-meta.properties
13:41:39.007 INFO  o.a.m.p.c.s.c.ConfigurationServiceImpl - configuration successfully saved to /app/home/system-config.properties
13:41:39.022 INFO  o.a.m.p.c.s.c.ConfigurationServiceImpl - configuration successfully saved to /app/home/system-meta.properties
13:41:39.042 INFO  o.a.m.p.c.s.c.ConfigurationServiceImpl - configuration successfully saved to /app/home/system-config.properties
13:41:39.056 INFO  o.a.m.p.c.s.c.ConfigurationServiceImpl - configuration successfully saved to /app/home/system-meta.properties
13:41:39.074 INFO  o.a.m.p.c.s.c.ConfigurationServiceImpl - configuration successfully saved to /app/home/system-config.properties
13:41:39.088 INFO  o.a.m.p.c.s.c.ConfigurationServiceImpl - configuration successfully saved to /app/home/system-meta.properties
13:41:39.104 INFO  o.a.m.p.c.s.c.ConfigurationServiceImpl - configuration successfully saved to /app/home/system-config.properties
13:41:39.119 INFO  o.a.m.p.c.s.c.ConfigurationServiceImpl - configuration successfully saved to /app/home/system-meta.properties
13:41:39.133 INFO  o.a.m.p.c.s.c.ConfigurationServiceImpl - configuration successfully saved to /app/home/system-config.properties
13:41:39.146 INFO  o.a.m.p.c.s.c.ConfigurationServiceImpl - configuration successfully saved to /app/home/system-meta.properties
13:41:39.159 INFO  o.a.m.p.c.s.c.ConfigurationServiceImpl - configuration successfully saved to /app/home/system-config.properties
13:41:39.170 INFO  o.a.m.p.c.s.c.ConfigurationServiceImpl - configuration successfully saved to /app/home/system-meta.properties
13:41:39.187 INFO  o.a.m.p.c.s.c.ConfigurationServiceImpl - configuration successfully saved to /app/home/system-config.properties
13:41:39.198 INFO  o.a.m.p.c.s.c.ConfigurationServiceImpl - configuration successfully saved to /app/home/system-meta.properties
13:41:39.214 INFO  o.a.m.p.c.s.c.ConfigurationServiceImpl - configuration successfully saved to /app/home/system-config.properties
13:41:39.226 INFO  o.a.m.p.c.s.c.ConfigurationServiceImpl - configuration successfully saved to /app/home/system-meta.properties
13:41:39.243 INFO  o.a.m.p.c.s.c.ConfigurationServiceImpl - configuration successfully saved to /app/home/system-config.properties
13:41:39.253 INFO  o.a.m.p.c.s.c.ConfigurationServiceImpl - configuration successfully saved to /app/home/system-meta.properties
13:41:39.268 INFO  o.a.m.p.c.s.c.ConfigurationServiceImpl - configuration successfully saved to /app/home/system-config.properties
13:41:39.280 INFO  o.a.m.p.c.s.c.ConfigurationServiceImpl - configuration successfully saved to /app/home/system-meta.properties
13:41:39.294 INFO  o.a.m.p.c.s.c.ConfigurationServiceImpl - configuration successfully saved to /app/home/system-config.properties
13:41:39.305 INFO  o.a.m.p.c.s.c.ConfigurationServiceImpl - configuration successfully saved to /app/home/system-meta.properties
13:41:39.319 INFO  o.a.m.p.c.s.c.ConfigurationServiceImpl - configuration successfully saved to /app/home/system-config.properties
13:41:39.331 INFO  o.a.m.p.c.s.c.ConfigurationServiceImpl - configuration successfully saved to /app/home/system-meta.properties
13:41:39.345 INFO  o.a.m.p.c.s.c.ConfigurationServiceImpl - configuration successfully saved to /app/home/system-config.properties
13:41:39.358 INFO  o.a.m.p.c.s.c.ConfigurationServiceImpl - configuration successfully saved to /app/home/system-meta.properties
13:41:39.373 INFO  o.a.m.p.c.s.c.ConfigurationServiceImpl - configuration successfully saved to /app/home/system-config.properties
13:41:39.387 INFO  o.a.m.p.c.s.c.ConfigurationServiceImpl - configuration successfully saved to /app/home/system-meta.properties
13:41:39.401 INFO  o.a.m.p.c.s.c.ConfigurationServiceImpl - configuration successfully saved to /app/home/system-config.properties
13:41:39.411 INFO  o.a.m.p.c.s.c.ConfigurationServiceImpl - configuration successfully saved to /app/home/system-meta.properties
13:41:39.423 INFO  o.a.m.p.c.s.c.ConfigurationServiceImpl - configuration successfully saved to /app/home/system-config.properties
13:41:39.436 INFO  o.a.m.p.c.s.c.ConfigurationServiceImpl - configuration successfully saved to /app/home/system-meta.properties
13:41:39.451 INFO  o.a.m.p.c.s.c.ConfigurationServiceImpl - configuration successfully saved to /app/home/system-config.properties
13:41:39.463 INFO  o.a.m.p.c.s.c.ConfigurationServiceImpl - configuration successfully saved to /app/home/system-meta.properties
13:41:39.475 INFO  o.a.m.p.c.s.c.ConfigurationServiceImpl - configuration successfully saved to /app/home/system-config.properties
13:41:39.486 INFO  o.a.m.p.c.s.c.ConfigurationServiceImpl - configuration successfully saved to /app/home/system-meta.properties
13:41:39.502 INFO  o.a.m.p.c.s.c.ConfigurationServiceImpl - configuration successfully saved to /app/home/system-config.properties
13:41:39.515 INFO  o.a.m.p.c.s.c.ConfigurationServiceImpl - configuration successfully saved to /app/home/system-meta.properties
13:41:39.531 INFO  o.a.m.p.c.s.c.ConfigurationServiceImpl - configuration successfully saved to /app/home/system-config.properties
13:41:39.548 INFO  o.a.m.p.c.s.c.ConfigurationServiceImpl - configuration successfully saved to /app/home/system-meta.properties
13:41:39.566 INFO  o.a.m.p.c.s.c.ConfigurationServiceImpl - configuration successfully saved to /app/home/system-config.properties
13:41:39.582 INFO  o.a.m.p.c.s.c.ConfigurationServiceImpl - configuration successfully saved to /app/home/system-meta.properties
13:41:39.597 INFO  o.a.m.p.c.s.c.ConfigurationServiceImpl - configuration successfully saved to /app/home/system-config.properties
13:41:39.611 INFO  o.a.m.p.c.s.c.ConfigurationServiceImpl - configuration successfully saved to /app/home/system-meta.properties
13:41:39.626 INFO  o.a.m.p.c.s.c.ConfigurationServiceImpl - configuration successfully saved to /app/home/system-config.properties
13:41:39.637 INFO  o.a.m.p.c.s.c.ConfigurationServiceImpl - configuration successfully saved to /app/home/system-meta.properties
13:41:39.653 INFO  o.a.m.p.c.s.c.ConfigurationServiceImpl - configuration successfully saved to /app/home/system-config.properties
13:41:39.668 INFO  o.a.m.p.c.s.c.ConfigurationServiceImpl - configuration successfully saved to /app/home/system-meta.properties
13:41:39.685 INFO  o.a.m.p.c.s.c.ConfigurationServiceImpl - configuration successfully saved to /app/home/system-config.properties
13:41:39.699 INFO  o.a.m.p.c.s.c.ConfigurationServiceImpl - configuration successfully saved to /app/home/system-meta.properties
13:41:39.714 INFO  o.a.m.p.c.s.c.ConfigurationServiceImpl - configuration successfully saved to /app/home/system-config.properties
13:41:39.728 INFO  o.a.m.p.c.s.c.ConfigurationServiceImpl - configuration successfully saved to /app/home/system-meta.properties
13:41:39.742 INFO  o.a.m.p.c.s.c.ConfigurationServiceImpl - configuration successfully saved to /app/home/system-config.properties
13:41:39.756 INFO  o.a.m.p.c.s.c.ConfigurationServiceImpl - configuration successfully saved to /app/home/system-meta.properties
13:41:39.773 INFO  o.a.m.p.c.s.c.ConfigurationServiceImpl - configuration successfully saved to /app/home/system-config.properties
13:41:39.787 INFO  o.a.m.p.c.s.c.ConfigurationServiceImpl - configuration successfully saved to /app/home/system-meta.properties
13:41:39.802 INFO  o.a.m.p.c.s.c.ConfigurationServiceImpl - configuration successfully saved to /app/home/system-config.properties
13:41:39.813 INFO  o.a.m.p.c.s.c.ConfigurationServiceImpl - configuration successfully saved to /app/home/system-meta.properties
13:41:39.827 INFO  o.a.m.p.c.s.c.ConfigurationServiceImpl - configuration successfully saved to /app/home/system-config.properties
13:41:39.842 INFO  o.a.m.p.c.s.c.ConfigurationServiceImpl - configuration successfully saved to /app/home/system-meta.properties
13:41:39.857 INFO  o.a.m.p.c.s.c.ConfigurationServiceImpl - configuration successfully saved to /app/home/system-config.properties
13:41:39.871 INFO  o.a.m.p.c.s.c.ConfigurationServiceImpl - configuration successfully saved to /app/home/system-meta.properties
13:41:39.884 INFO  o.a.m.p.c.s.c.ConfigurationServiceImpl - configuration successfully saved to /app/home/system-config.properties
13:41:39.895 INFO  o.a.m.p.c.s.c.ConfigurationServiceImpl - configuration successfully saved to /app/home/system-meta.properties
13:41:39.907 INFO  o.a.m.p.c.s.c.ConfigurationServiceImpl - configuration successfully saved to /app/home/system-config.properties
13:41:39.918 INFO  o.a.m.p.c.s.c.ConfigurationServiceImpl - configuration successfully saved to /app/home/system-meta.properties
13:41:39.930 INFO  o.a.m.p.c.s.c.ConfigurationServiceImpl - configuration successfully saved to /app/home/system-config.properties
13:41:39.941 INFO  o.a.m.p.c.s.c.ConfigurationServiceImpl - configuration successfully saved to /app/home/system-meta.properties
13:41:39.953 INFO  o.a.m.p.c.s.c.ConfigurationServiceImpl - configuration successfully saved to /app/home/system-config.properties
13:41:39.963 INFO  o.a.m.p.c.s.c.ConfigurationServiceImpl - configuration successfully saved to /app/home/system-meta.properties
13:41:39.977 INFO  o.a.m.p.c.s.c.ConfigurationServiceImpl - configuration successfully saved to /app/home/system-config.properties
13:41:39.986 INFO  o.a.m.p.c.s.c.ConfigurationServiceImpl - configuration successfully saved to /app/home/system-meta.properties
13:41:40.001 INFO  o.a.m.p.c.s.c.ConfigurationServiceImpl - configuration successfully saved to /app/home/system-config.properties
13:41:40.012 INFO  o.a.m.p.c.s.c.ConfigurationServiceImpl - configuration successfully saved to /app/home/system-meta.properties
13:41:40.027 INFO  o.a.m.p.c.s.c.ConfigurationServiceImpl - configuration successfully saved to /app/home/system-config.properties
13:41:40.039 INFO  o.a.m.p.c.s.c.ConfigurationServiceImpl - configuration successfully saved to /app/home/system-meta.properties
13:41:40.054 INFO  o.a.m.p.c.s.c.ConfigurationServiceImpl - configuration successfully saved to /app/home/system-config.properties
13:41:40.067 INFO  o.a.m.p.c.s.c.ConfigurationServiceImpl - configuration successfully saved to /app/home/system-meta.properties
13:41:40.081 INFO  o.a.m.p.c.s.c.ConfigurationServiceImpl - configuration successfully saved to /app/home/system-config.properties
13:41:40.094 INFO  o.a.m.p.c.s.c.ConfigurationServiceImpl - configuration successfully saved to /app/home/system-meta.properties
13:41:58.673 INFO  o.a.m.p.c.s.MarmottaStartupService - SETUP: Setting up initial host and resource configuration (http://localhost:8080/marmotta/) ...
13:41:58.691 INFO  o.a.m.p.c.s.c.ConfigurationServiceImpl - configuration successfully saved to /app/home/system-config.properties
13:41:58.706 INFO  o.a.m.p.c.s.c.ConfigurationServiceImpl - configuration successfully saved to /app/home/system-meta.properties
13:41:58.722 INFO  o.a.m.p.c.s.c.ConfigurationServiceImpl - configuration successfully saved to /app/home/system-config.properties
13:41:58.736 INFO  o.a.m.p.c.s.c.ConfigurationServiceImpl - configuration successfully saved to /app/home/system-meta.properties
13:41:58.751 INFO  o.a.m.p.c.s.c.ConfigurationServiceImpl - configuration successfully saved to /app/home/system-config.properties
13:41:58.763 INFO  o.a.m.p.c.s.c.ConfigurationServiceImpl - configuration successfully saved to /app/home/system-meta.properties
13:41:58.778 INFO  o.a.m.p.b.kiwi.KiWiStoreProvider - Initializing Backend: KiWi Store
13:41:58.786 INFO  o.a.m.p.b.kiwi.KiWiStoreProvider -  - enabling native SPARQL support
13:41:59.082 INFO  o.a.m.p.c.s.s.StatisticsServiceImpl - Apache Marmotta StatisticsService starting up ...
13:41:59.083 INFO  o.a.m.p.c.s.s.StatisticsServiceImpl - registering statistics module "System Statistics"
13:41:59.084 INFO  o.a.m.p.c.s.s.StatisticsServiceImpl - registering statistics module "HttpClientService"
13:41:59.089 INFO  o.a.m.kiwi.caching.GuavaCacheManager - initialising Guava in-memory caching backend ...
13:41:59.091 INFO  o.a.m.k.g.SnowflakeIDGenerator - SNOWFLAKE: initialised with datacenter ID 968
13:41:59.092 INFO  o.a.m.k.persistence.KiWiPersistence - database key generation strategy: Twitter Snowflake
13:41:59.237 INFO  o.a.m.k.persistence.KiWiPersistence - creating new KiWi database ...
13:41:59.268 INFO  o.a.m.kiwi.sail.KiWiValueFactory - KiWi Value Factory: in-memory registry
13:41:59.272 INFO  o.a.m.k.persistence.KiWiPersistence - creating new KiWi database ...
13:41:59.284 INFO  o.a.m.k.r.engine.ReasoningEngine - program configuration changed, reloading ...
13:41:59.288 INFO  o.a.m.k.r.engine.ReasoningEngine - SKWRL Reasoner 1 starting up ...
13:41:59.292 INFO  o.a.m.k.persistence.KiWiPersistence - creating new KiWi database ...
13:41:59.302 INFO  o.a.m.k.persistence.KiWiPersistence - creating new KiWi database ...
13:41:59.311 INFO  o.a.m.l.services.ldclient.LDClient - Initialising Linked Data Client Service ...
13:41:59.312 INFO  o.a.m.l.services.ldclient.LDClient - - LDClient Endpoint: HolyGoat
13:41:59.313 INFO  o.a.m.l.services.ldclient.LDClient - - LDClient Endpoint: KiWi Project
13:41:59.313 INFO  o.a.m.l.services.ldclient.LDClient - - LDClient Endpoint: Linked Data
13:41:59.318 INFO  o.a.m.l.services.ldclient.LDClient - - LDClient Provider: NONE
13:41:59.318 INFO  o.a.m.l.services.ldclient.LDClient - - LDClient Provider: Linked Data
13:41:59.319 INFO  o.a.m.l.services.ldclient.LDClient - - LDClient Provider: LD Cache
13:41:59.319 INFO  o.a.m.l.services.ldclient.LDClient - - LDClient Provider: RegexUri
13:41:59.319 INFO  o.a.m.l.services.ldclient.LDClient - - LDClient Provider: SPARQL
13:41:59.322 INFO  o.a.m.p.c.s.c.ContentServiceImpl - Content Service starting up ...
13:41:59.323 INFO  o.a.m.p.c.s.c.ContentServiceImpl - content reader/writer http disabled
13:41:59.390 INFO  o.a.m.p.c.s.c.ContentServiceImpl - enabled content reader 'FileSystem Content Reader' for pattern (\Q/app/home\E/resources|\Qhttp://localhost:8080/marmotta/\Eresource/|urn:).*
13:41:59.393 INFO  o.a.m.p.c.s.c.ContentServiceImpl - enabled content writer 'FileSystem Content Writer' for pattern (\Q/app/home\E/resources|\Qhttp://localhost:8080/marmotta/\Eresource/|urn:).*
13:41:59.562 INFO  o.a.m.p.c.s.user.UserServiceImpl - initialising user service ...
13:41:59.563 INFO  o.a.m.p.c.s.user.UserServiceImpl - creating user with webId: http://localhost:8080/marmotta/user/anonymous 
13:41:59.582 INFO  o.a.m.p.c.s.c.ConfigurationServiceImpl - configuration successfully saved to /app/home/system-config.properties
13:41:59.591 INFO  o.a.m.p.c.s.c.ConfigurationServiceImpl - configuration successfully saved to /app/home/system-meta.properties
13:41:59.603 INFO  o.a.m.p.c.s.c.ConfigurationServiceImpl - configuration successfully saved to /app/home/system-config.properties
13:41:59.614 INFO  o.a.m.p.c.s.c.ConfigurationServiceImpl - configuration successfully saved to /app/home/system-meta.properties
13:41:59.626 INFO  o.a.m.p.c.s.c.ConfigurationServiceImpl - configuration successfully saved to /app/home/system-config.properties
13:41:59.635 INFO  o.a.m.p.c.s.c.ConfigurationServiceImpl - configuration successfully saved to /app/home/system-meta.properties
13:41:59.641 INFO  o.a.m.p.c.s.user.UserServiceImpl - creating user with webId: http://localhost:8080/marmotta/user/admin 
13:41:59.653 INFO  o.a.m.p.c.s.c.ConfigurationServiceImpl - configuration successfully saved to /app/home/system-config.properties
13:41:59.665 INFO  o.a.m.p.c.s.c.ConfigurationServiceImpl - configuration successfully saved to /app/home/system-meta.properties
13:41:59.676 INFO  o.a.m.p.c.s.c.ConfigurationServiceImpl - configuration successfully saved to /app/home/system-config.properties
13:41:59.685 INFO  o.a.m.p.c.s.c.ConfigurationServiceImpl - configuration successfully saved to /app/home/system-meta.properties
13:41:59.697 INFO  o.a.m.p.c.s.c.ConfigurationServiceImpl - configuration successfully saved to /app/home/system-config.properties
13:41:59.707 INFO  o.a.m.p.c.s.c.ConfigurationServiceImpl - configuration successfully saved to /app/home/system-meta.properties
13:41:59.714 INFO  o.a.m.p.c.s.c.ConfigurationServiceImpl - Initialisation completed, enabling configuration events
13:41:59.789 INFO  o.a.m.p.v.w.VersioningWebService - Versioning Service: enabling Memento support
13:42:00.229 INFO  o.a.m.p.c.s.t.TemplatingServiceImpl - template admin.ftl not found in /app/home/templates, copying fallback...
13:42:17.590 WARN  o.jboss.resteasy.resteasy_jaxrs.i18n - RESTEASY002142: Multiple resource methods match request "GET /context/list". Selecting one. Matching methods: [public javax.ws.rs.core.Response org.apache.marmotta.platform.core.webservices.triplestore.ContextWebService.getContext(java.lang.String,java.lang.String,java.lang.String) throws java.io.UnsupportedEncodingException,java.net.URISyntaxException, public javax.ws.rs.core.Response org.apache.marmotta.platform.core.webservices.triplestore.ContextWebService.listContexts(java.lang.String,java.lang.String)]
13:42:27.326 INFO  o.a.m.p.c.s.MarmottaStartupService - Apache Marmotta Core shutting down ...
13:42:27.337 INFO  o.a.m.p.c.s.cache.CachingServiceImpl - Apache Marmotta Caching Service shutting down ...
13:42:27.338 INFO  o.a.m.p.c.s.cache.CachingServiceImpl - Apache Marmotta Caching Service shut down successfully.
13:42:27.338 INFO  o.a.m.p.c.s.c.ConfigurationServiceImpl - shutting down configuration service
13:42:27.349 INFO  o.a.m.k.r.engine.ReasoningEngine - graceful shutdown of reasoning service initiated ...
13:42:27.350 INFO  o.a.m.k.r.engine.ReasoningEngine - REASONER: signalling shutdown to reasoner thread
13:42:27.351 INFO  o.a.m.k.r.engine.ReasoningEngine - SKWRL Reasoner 1 shutting down ...
13:42:27.351 INFO  o.a.m.k.persistence.KiWiPersistence - shutting down KiWi persistence ...
13:42:27.352 INFO  o.a.m.p.c.s.s.StatisticsServiceImpl - unregistering statistics module "HttpClientService"
